-encoding
UTF-8
-outxml
-source
1.6
-target
1.6
-classpath
/Users/psalami/.m2/repository/antlr/antlr/2.7.6/antlr-2.7.6.jar:/Users/psalami/.m2/repository/aopalliance/aopalliance/1.0/aopalliance-1.0.jar:/Users/psalami/.m2/repository/cglib/cglib-nodep/2.2.2/cglib-nodep-2.2.2.jar:/Users/psalami/.m2/repository/commons-beanutils/commons-beanutils/1.8.0/commons-beanutils-1.8.0.jar:/Users/psalami/.m2/repository/commons-codec/commons-codec/1.4/commons-codec-1.4.jar:/Users/psalami/.m2/repository/commons-collections/commons-collections/3.1/commons-collections-3.1.jar:/Users/psalami/.m2/repository/commons-dbcp/commons-dbcp/1.3/commons-dbcp-1.3.jar:/Users/psalami/.m2/repository/commons-digester/commons-digester/2.0/commons-digester-2.0.jar:/Users/psalami/.m2/repository/commons-fileupload/commons-fileupload/1.2.1/commons-fileupload-1.2.1.jar:/Users/psalami/.m2/repository/commons-pool/commons-pool/1.5.4/commons-pool-1.5.4.jar:/Users/psalami/.m2/repository/dom4j/dom4j/1.6.1/dom4j-1.6.1.jar:/Users/psalami/.m2/repository/javassist/javassist/3.12.0.GA/javassist-3.12.0.GA.jar:/Users/psalami/.m2/repository/javax/el/el-api/1.0/el-api-1.0.jar:/Users/psalami/.m2/repository/javax/servlet/servlet-api/2.5/servlet-api-2.5.jar:/Users/psalami/.m2/repository/javax/servlet/jsp/jsp-api/2.1/jsp-api-2.1.jar:/Users/psalami/.m2/repository/javax/servlet/jsp/jstl/jstl-api/1.2/jstl-api-1.2.jar:/Users/psalami/.m2/repository/javax/transaction/jta/1.1/jta-1.1.jar:/Users/psalami/.m2/repository/javax/validation/validation-api/1.0.0.GA/validation-api-1.0.0.GA.jar:/Users/psalami/.m2/repository/joda-time/joda-time/1.6/joda-time-1.6.jar:/Users/psalami/.m2/repository/log4j/log4j/1.2.16/log4j-1.2.16.jar:/Users/psalami/.m2/repository/mysql/mysql-connector-java/5.1.17/mysql-connector-java-5.1.17.jar:/Users/psalami/.m2/repository/net/sf/flexjson/flexjson/2.1/flexjson-2.1.jar:/Users/psalami/.m2/repository/org/apache/tiles/tiles-api/2.2.1/tiles-api-2.2.1.jar:/Users/psalami/.m2/repository/org/apache/tiles/tiles-core/2.2.1/tiles-core-2.2.1.jar:/Users/psalami/.m2/repository/org/apache/tiles/tiles-jsp/2.2.1/tiles-jsp-2.2.1.jar:/Users/psalami/.m2/repository/org/apache/tiles/tiles-servlet/2.2.1/tiles-servlet-2.2.1.jar:/Users/psalami/.m2/repository/org/apache/tiles/tiles-template/2.2.1/tiles-template-2.2.1.jar:/Users/psalami/.m2/repository/org/aspectj/aspectjrt/1.6.12.M2/aspectjrt-1.6.12.M2.jar:/Users/psalami/.m2/repository/org/aspectj/aspectjweaver/1.6.12.M2/aspectjweaver-1.6.12.M2.jar:/Users/psalami/.m2/repository/org/glassfish/web/jstl-impl/1.2/jstl-impl-1.2.jar:/Users/psalami/.m2/repository/org/hibernate/hibernate-commons-annotations/3.2.0.Final/hibernate-commons-annotations-3.2.0.Final.jar:/Users/psalami/.m2/repository/org/hibernate/hibernate-core/3.6.7.Final/hibernate-core-3.6.7.Final.jar:/Users/psalami/.m2/repository/org/hibernate/hibernate-entitymanager/3.6.7.Final/hibernate-entitymanager-3.6.7.Final.jar:/Users/psalami/.m2/repository/org/hibernate/hibernate-validator/4.2.0.Final/hibernate-validator-4.2.0.Final.jar:/Users/psalami/.m2/repository/org/hibernate/javax/persistence/hibernate-jpa-2.0-api/1.0.1.Final/hibernate-jpa-2.0-api-1.0.1.Final.jar:/Users/psalami/.m2/repository/org/slf4j/jcl-over-slf4j/1.6.1/jcl-over-slf4j-1.6.1.jar:/Users/psalami/.m2/repository/org/slf4j/slf4j-api/1.6.1/slf4j-api-1.6.1.jar:/Users/psalami/.m2/repository/org/slf4j/slf4j-log4j12/1.6.1/slf4j-log4j12-1.6.1.jar:/Users/psalami/.m2/repository/org/springframework/spring-aop/3.0.6.RELEASE/spring-aop-3.0.6.RELEASE.jar:/Users/psalami/.m2/repository/org/springframework/spring-asm/3.0.6.RELEASE/spring-asm-3.0.6.RELEASE.jar:/Users/psalami/.m2/repository/org/springframework/spring-aspects/3.0.6.RELEASE/spring-aspects-3.0.6.RELEASE.jar:/Users/psalami/.m2/repository/org/springframework/spring-beans/3.0.6.RELEASE/spring-beans-3.0.6.RELEASE.jar:/Users/psalami/.m2/repository/org/springframework/spring-context/3.0.6.RELEASE/spring-context-3.0.6.RELEASE.jar:/Users/psalami/.m2/repository/org/springframework/spring-context-support/3.0.6.RELEASE/spring-context-support-3.0.6.RELEASE.jar:/Users/psalami/.m2/repository/org/springframework/spring-core/3.0.6.RELEASE/spring-core-3.0.6.RELEASE.jar:/Users/psalami/.m2/repository/org/springframework/spring-expression/3.0.6.RELEASE/spring-expression-3.0.6.RELEASE.jar:/Users/psalami/.m2/repository/org/springframework/spring-jdbc/3.0.6.RELEASE/spring-jdbc-3.0.6.RELEASE.jar:/Users/psalami/.m2/repository/org/springframework/spring-orm/3.0.6.RELEASE/spring-orm-3.0.6.RELEASE.jar:/Users/psalami/.m2/repository/org/springframework/spring-tx/3.0.6.RELEASE/spring-tx-3.0.6.RELEASE.jar:/Users/psalami/.m2/repository/org/springframework/spring-web/3.0.6.RELEASE/spring-web-3.0.6.RELEASE.jar:/Users/psalami/.m2/repository/org/springframework/spring-webmvc/3.0.6.RELEASE/spring-webmvc-3.0.6.RELEASE.jar:/Users/psalami/.m2/repository/org/springframework/roo/org.springframework.roo.annotations/1.2.0.M1/org.springframework.roo.annotations-1.2.0.M1.jar:/Users/psalami/.m2/repository/org/springframework/webflow/spring-js-resources/2.2.1.RELEASE/spring-js-resources-2.2.1.RELEASE.jar:/Users/psalami/Documents/workspace-sts/broker/target/classes
-aspectpath
/Users/psalami/.m2/repository/org/springframework/spring-aspects/3.0.6.RELEASE/spring-aspects-3.0.6.RELEASE.jar
-d
/Users/psalami/Documents/workspace-sts/broker/target/classes
/Users/psalami/Documents/workspace-sts/broker/src/main/java/com/ib/client/ContractDetails.java
/Users/psalami/Documents/workspace-sts/broker/src/main/java/com/patricksalami/model/Sell.java
/Users/psalami/Documents/workspace-sts/broker/src/main/java/com/ib/client/OrderState.java
/Users/psalami/Documents/workspace-sts/broker/src/main/java/com/patricksalami/broker/BrokerDriver.java
/Users/psalami/Documents/workspace-sts/broker/src/main/java/com/ib/client/EClientSocket.java
/Users/psalami/Documents/workspace-sts/broker/src/main/java/com/ib/client/AnyWrapper.java
/Users/psalami/Documents/workspace-sts/broker/src/main/java/com/patricksalami/controller/ApplicationConversionServiceFactoryBean_Roo_ConversionService.aj
/Users/psalami/Documents/workspace-sts/broker/src/main/java/com/patricksalami/model/BrokerOrder.java
/Users/psalami/Documents/workspace-sts/broker/src/main/java/com/patricksalami/model/Buy_Roo_ToString.aj
/Users/psalami/Documents/workspace-sts/broker/src/main/java/com/patricksalami/controller/SellController.java
/Users/psalami/Documents/workspace-sts/broker/src/main/java/com/patricksalami/model/Sell_Roo_ToString.aj
/Users/psalami/Documents/workspace-sts/broker/src/main/java/com/patricksalami/model/Buy_Roo_Entity.aj
/Users/psalami/Documents/workspace-sts/broker/src/main/java/com/patricksalami/controller/ApplicationConversionServiceFactoryBean.java
/Users/psalami/Documents/workspace-sts/broker/src/main/java/com/ib/client/ComboLeg.java
/Users/psalami/Documents/workspace-sts/broker/src/main/java/com/ib/client/ScannerSubscription.java
/Users/psalami/Documents/workspace-sts/broker/src/main/java/com/patricksalami/broker/IbBroker.java
/Users/psalami/Documents/workspace-sts/broker/src/main/java/com/ib/client/Contract.java
/Users/psalami/Documents/workspace-sts/broker/src/main/java/com/ib/client/EWrapperMsgGenerator.java
/Users/psalami/Documents/workspace-sts/broker/src/main/java/com/ib/client/EWrapper.java
/Users/psalami/Documents/workspace-sts/broker/src/main/java/com/ib/client/OrderComboLeg.java
/Users/psalami/Documents/workspace-sts/broker/src/main/java/com/patricksalami/model/Sell_Roo_Finder.aj
/Users/psalami/Documents/workspace-sts/broker/src/main/java/com/patricksalami/model/Sell_Roo_Json.aj
/Users/psalami/Documents/workspace-sts/broker/src/main/java/com/ib/client/Order.java
/Users/psalami/Documents/workspace-sts/broker/src/main/java/com/patricksalami/background/PositionCloser.java
/Users/psalami/Documents/workspace-sts/broker/src/main/java/com/patricksalami/broker/Broker.java
/Users/psalami/Documents/workspace-sts/broker/src/main/java/com/patricksalami/model/Sell_Roo_Configurable.aj
/Users/psalami/Documents/workspace-sts/broker/src/main/java/com/patricksalami/model/Buy_Roo_Finder.aj
/Users/psalami/Documents/workspace-sts/broker/src/main/java/com/ib/client/TickType.java
/Users/psalami/Documents/workspace-sts/broker/src/main/java/com/patricksalami/controller/SellController_Roo_Controller_Json.aj
/Users/psalami/Documents/workspace-sts/broker/src/main/java/com/ib/client/UnderComp.java
/Users/psalami/Documents/workspace-sts/broker/src/main/java/com/patricksalami/model/Sell_Roo_Entity.aj
/Users/psalami/Documents/workspace-sts/broker/src/main/java/com/patricksalami/model/Buy_Roo_Jpa_Entity.aj
/Users/psalami/Documents/workspace-sts/broker/src/main/java/com/patricksalami/controller/BuyController_Roo_Controller.aj
/Users/psalami/Documents/workspace-sts/broker/src/main/java/com/patricksalami/model/Sell_Roo_Jpa_Entity.aj
/Users/psalami/Documents/workspace-sts/broker/src/main/java/com/ib/client/Execution.java
/Users/psalami/Documents/workspace-sts/broker/src/main/java/com/ib/client/Util.java
/Users/psalami/Documents/workspace-sts/broker/src/main/java/com/patricksalami/controller/BuyController.java
/Users/psalami/Documents/workspace-sts/broker/src/main/java/com/patricksalami/model/Sell_Roo_JavaBean.aj
/Users/psalami/Documents/workspace-sts/broker/src/main/java/com/ib/client/AnyWrapperMsgGenerator.java
/Users/psalami/Documents/workspace-sts/broker/src/main/java/com/patricksalami/model/Buy_Roo_Configurable.aj
/Users/psalami/Documents/workspace-sts/broker/src/main/java/com/patricksalami/model/Buy_Roo_Json.aj
/Users/psalami/Documents/workspace-sts/broker/src/main/java/com/patricksalami/broker/IbBrokerWrapper.java
/Users/psalami/Documents/workspace-sts/broker/src/main/java/com/patricksalami/model/Buy.java
/Users/psalami/Documents/workspace-sts/broker/src/main/java/com/ib/client/EReader.java
/Users/psalami/Documents/workspace-sts/broker/src/main/java/com/ib/client/ExecutionFilter.java
/Users/psalami/Documents/workspace-sts/broker/src/main/java/com/patricksalami/controller/SellController_Roo_Controller.aj
/Users/psalami/Documents/workspace-sts/broker/src/main/java/com/patricksalami/controller/BuyController_Roo_Controller_Json.aj
/Users/psalami/Documents/workspace-sts/broker/src/main/java/com/patricksalami/model/Buy_Roo_JavaBean.aj
/Users/psalami/Documents/workspace-sts/broker/src/main/java/com/ib/client/EClientErrors.java
/Users/psalami/Documents/workspace-sts/broker/src/main/java/com/ib/client/TagValue.java
/Users/psalami/Documents/workspace-sts/broker/src/main/java/com/ib/client/MarketDataType.java
/Users/psalami/Documents/workspace-sts/broker/src/main/java/com/patricksalami/broker/BrokerSettings.java
